<?xml version="1.0" encoding="UTF-8"?>
<!-- Generated by org.testng.reporters.JUnitXMLReporter -->
<testsuite ignored="0" hostname="US3B7Z2PF6" failures="0" tests="6" name="Default test" time="12.642" errors="0" timestamp="2025-07-08T23:04:54 IST">
  <testcase classname="api.test.DataDrivenTests" name="testPostUser" time="3.329"/>
  <testcase classname="api.test.DataDrivenTests" name="testPostUser" time="1.452"/>
  <testcase classname="api.test.DataDrivenTests" name="testPostUser" time="1.472"/>
  <testcase classname="api.test.DataDrivenTests" name="testGetUser" time="1.295"/>
  <testcase classname="api.test.DataDrivenTests" name="testGetUser" time="1.535"/>
  <testcase classname="api.test.DataDrivenTests" name="testGetUser" time="1.739"/>
</testsuite> <!-- Default test -->
