<?xml version="1.0" encoding="UTF-8"?>
<!-- Generated by org.testng.reporters.JUnitXMLReporter -->
<testsuite ignored="0" hostname="US3B7Z2PF6" failures="0" tests="6" name="Test" time="12.155" errors="0" timestamp="2025-07-09T18:10:12 IST">
  <testcase classname="api.test.DataDrivenTests" name="testPostUser" time="3.335"/>
  <testcase classname="api.test.DataDrivenTests" name="testPostUser" time="1.47"/>
  <testcase classname="api.test.DataDrivenTests" name="testPostUser" time="1.43"/>
  <testcase classname="api.test.DataDrivenTests" name="testGetUser" time="1.529"/>
  <testcase classname="api.test.DataDrivenTests" name="testGetUser" time="1.431"/>
  <testcase classname="api.test.DataDrivenTests" name="testGetUser" time="1.227"/>
</testsuite> <!-- Test -->
